FXC : warning X4717: Effects deprecated for D3DCompiler_47
  
  compilation object save succeeded; see C:\Users\김준일\Desktop\asd\Output\animation.cso
FXC : warning X4717: Effects deprecated for D3DCompiler_47
  
  compilation object save succeeded; see C:\Users\김준일\Desktop\asd\Output\compute.cso
FXC : warning X4717: Effects deprecated for D3DCompiler_47
  
  compilation object save succeeded; see C:\Users\김준일\Desktop\asd\Output\deferred.cso
FXC : warning X4717: Effects deprecated for D3DCompiler_47
  
  compilation object save succeeded; see C:\Users\김준일\Desktop\asd\Output\forward.cso
FXC : warning X4717: Effects deprecated for D3DCompiler_47
  
  compilation object save succeeded; see C:\Users\김준일\Desktop\asd\Output\lighting.cso
FXC : warning X4717: Effects deprecated for D3DCompiler_47
  
  compilation object save succeeded; see C:\Users\김준일\Desktop\asd\Output\math.cso
FXC : warning X4717: Effects deprecated for D3DCompiler_47
  
  compilation object save succeeded; see C:\Users\김준일\Desktop\asd\Output\params.cso
FXC : warning X4717: Effects deprecated for D3DCompiler_47
  
  compilation object save succeeded; see C:\Users\김준일\Desktop\asd\Output\particle.cso
FXC : warning X4717: Effects deprecated for D3DCompiler_47
  
  compilation object save succeeded; see C:\Users\김준일\Desktop\asd\Output\shadow.cso
FXC : warning X4717: Effects deprecated for D3DCompiler_47
  
  compilation object save succeeded; see C:\Users\김준일\Desktop\asd\Output\skybox.cso
FXC : warning X4717: Effects deprecated for D3DCompiler_47
  
  compilation object save succeeded; see C:\Users\김준일\Desktop\asd\Output\terrain.cso
FXC : warning X4717: Effects deprecated for D3DCompiler_47
  
  compilation object save succeeded; see C:\Users\김준일\Desktop\asd\Output\tessellation.cso
FXC : warning X4717: Effects deprecated for D3DCompiler_47
  
  compilation object save succeeded; see C:\Users\김준일\Desktop\asd\Output\utils.cso
  pch.cpp
  Animator.cpp
  BaseCollider.cpp
  Camera.cpp
  CommandQueue.cpp
  Component.cpp
  ConstantBuffer.cpp
  Device.cpp
  Engine.cpp
  EnginePch.cpp
  FBXLoader.cpp
  Frustum.cpp
  GameObject.cpp
  Input.cpp
  InstancingBuffer.cpp
  InstancingManager.cpp
  Light.cpp
  Material.cpp
  Mesh.cpp
  MeshData.cpp
  MeshRenderer.cpp
  코드를 생성하고 있습니다...
  컴파일하고 있습니다...
  MonoBehaviour.cpp
  Object.cpp
  ParticleSystem.cpp
  RenderTargetGroup.cpp
C:\Users\김준일\Desktop\asd\Engine\RenderTargetGroup.cpp(38,20): warning C4018: '<': signed 또는 unsigned가 일치하지 않습니다.
  Resources.cpp
  RootSignature.cpp
  Scene.cpp
  SceneManager.cpp
  Shader.cpp
  SimpleMath.cpp
  SphereCollider.cpp
  StructuredBuffer.cpp
  SwapChain.cpp
  TableDescriptorHeap.cpp
  Terrain.cpp
  TestCameraScript.cpp
  TestDragon.cpp
  Texture.cpp
  Timer.cpp
  Transform.cpp
  코드를 생성하고 있습니다...
  Engine.vcxproj -> C:\Users\김준일\Desktop\asd\Output\Engine.lib
